<?xml version="1.0" encoding="UTF-8"?>
<!-- Generated by org.testng.reporters.JUnitReportReporter -->
<testsuite hostname="DESKTOP-LTG9NUO" failures="0" tests="1" name="com.authentication.PostWithPojo" time="2.368" errors="0" timestamp="2024-04-01T09:08:24 IST" skipped="0">
  <testcase classname="com.authentication.PostWithPojo" name="postRequest" time="2.368"/>
</testsuite> <!-- com.authentication.PostWithPojo -->
